c:\users\hu\desktop\intersection\intersection\debug\vc120.pdb
c:\users\hu\desktop\intersection\intersection\debug\main.obj
c:\users\hu\desktop\intersection\intersection\debug\.netframework,version=v4.5.assemblyattributes.obj
c:\users\hu\desktop\intersection\intersection\debug\intersection.vcxprojresolveassemblyreference.cache
c:\users\hu\desktop\intersection\debug\intersection.pdb
c:\users\hu\desktop\intersection\intersection\debug\intersection.tlog\cl.command.1.tlog
c:\users\hu\desktop\intersection\intersection\debug\intersection.tlog\cl.read.1.tlog
c:\users\hu\desktop\intersection\intersection\debug\intersection.tlog\cl.write.1.tlog
c:\users\hu\desktop\intersection\intersection\debug\intersection.tlog\link.6260-cvtres.read.1.tlog
c:\users\hu\desktop\intersection\intersection\debug\intersection.tlog\link.6260-cvtres.write.1.tlog
c:\users\hu\desktop\intersection\intersection\debug\intersection.tlog\link.6260-rc.read.1.tlog
c:\users\hu\desktop\intersection\intersection\debug\intersection.tlog\link.6260-rc.write.1.tlog
c:\users\hu\desktop\intersection\intersection\debug\intersection.tlog\link.6260.read.1.tlog
c:\users\hu\desktop\intersection\intersection\debug\intersection.tlog\link.6260.write.1.tlog
c:\users\hu\desktop\intersection\intersection\debug\intersection.tlog\link.command.1.tlog
c:\users\hu\desktop\intersection\intersection\debug\intersection.tlog\link.read.1.tlog
c:\users\hu\desktop\intersection\intersection\debug\intersection.tlog\link.write.1.tlog
c:\users\hu\desktop\intersection\intersection\debug\intersection.tlog\metagen.read.1.tlog
c:\users\hu\desktop\intersection\intersection\debug\intersection.tlog\metagen.write.1.tlog
c:\users\hu\desktop\intersection\intersection\debug\intersection.tlog\tzres.dll.bi
